#
# A fatal error has been detected by the Java Runtime Environment:
#
#  EXCEPTION_ACCESS_VIOLATION (0xc0000005) at pc=0x00007ff9af8b8991, pid=14032, tid=3788
#
# JRE version: Java(TM) SE Runtime Environment 18.9 (11.0.12+8) (build 11.0.12+8-LTS-237)
# Java VM: Java HotSpot(TM) 64-Bit Server VM 18.9 (11.0.12+8-LTS-237, mixed mode, tiered, compressed oops, g1 gc, windows-amd64)
# Problematic frame:
# V  [jvm.dll+0x188991]
#
# No core dump will be written. Minidumps are not enabled by default on client versions of Windows
#
# If you would like to submit a bug report, please visit:
#   https://bugreport.java.com/bugreport/crash.jsp
#

---------------  S U M M A R Y ------------

Command Line: -Dclassworlds.conf=D:\apache-maven-3.8.5\bin\m2.conf -Dmaven.home=D:\apache-maven-3.8.5 -Dlibrary.jansi.path=D:\apache-maven-3.8.5\lib\jansi-native -Dmaven.multiModuleProjectDirectory=E:\Eduardo\UTEC\2022-1\Software\lab-03-a-edu-arr99 org.codehaus.plexus.classworlds.launcher.Launcher verify org.sonarsource.scanner.maven:sonar-maven-plugin:sonar -Dsonar .projectKey=cs2901-2022-1-Ingenieria-de-Software_lab-03-a-edu-arr99 -e

Host: AMD Ryzen 5 3400G with Radeon Vega Graphics    , 8 cores, 13G,  Windows 10 , 64 bit Build 18362 (10.0.18362.86)
Time: Fri Apr  1 21:05:08 2022 Hora est. Pacífico, Sudamérica elapsed time: 24.740461 seconds (0d 0h 0m 24s)

---------------  T H R E A D  ---------------

Current thread (0x000001c47f279000):  GCTaskThread "GC Thread#3" [stack: 0x0000007b04c00000,0x0000007b04d00000] [id=3788]

Stack: [0x0000007b04c00000,0x0000007b04d00000],  sp=0x0000007b04cff498,  free space=1021k
Native frames: (J=compiled Java code, j=interpreted, Vv=VM code, C=native code)
V  [jvm.dll+0x188991]


siginfo: EXCEPTION_ACCESS_VIOLATION (0xc0000005), reading address 0x0000000000000115


Register to memory mapping:

RIP=0x00007ff9af8b8991 jvm.dll
RAX=0x0000000000000005 is an unknown value
RBX=0x0000000000000011 is an unknown value
RCX=0x000000080001bf08 is pointing into metadata
RDX=0x00000007285a0790 is an oop: 
[error occurred during error reporting (printing register info), id 0xc0000005, EXCEPTION_ACCESS_VIOLATION (0xc0000005) at pc=0x00007ff9afd3501d]

Registers:
RAX=0x0000000000000005, RBX=0x0000000000000011, RCX=0x000000080001bf08, RDX=0x00000007285a0790
RSP=0x0000007b04cff498, RBP=0x000001c47f23ac30, RSI=0x000001c40180c4d8, RDI=0x0000000000000001
R8 =0x0000000000000000, R9 =0x000000080001bf08, R10=0x000001c45aec80d0, R11=0x000001c47f23ada0
R12=0x000001c47f13a720, R13=0x0000000000000040, R14=0x00000007285a0790, R15=0x0000000000000011
RIP=0x00007ff9af8b8991, EFLAGS=0x0000000000010246

Top of Stack: (sp=0x0000007b04cff498)
0x0000007b04cff498:   00007ff9afa2977e 0000000000000002
0x0000007b04cff4a8:   00000007219d60a8 00000007219d6038
0x0000007b04cff4b8:   00007ff9afa38c0d 000001c400950cc0
0x0000007b04cff4c8:   0000000000000040 0000000c00950cc0
0x0000007b04cff4d8:   00007ff9af91c56f 000001c40180c4d8
0x0000007b04cff4e8:   000001c45ae159f0 000001c4009502f8
0x0000007b04cff4f8:   0000000000000040 000001c47f13a720
0x0000007b04cff508:   00000007285a0790 0000000000000020
0x0000007b04cff518:   00007ff9afa382e8 000000000000000a
0x0000007b04cff528:   000001c40180c4d8 000001c4009502f0
0x0000007b04cff538:   0000000000000011 000001c40180c4d8
0x0000007b04cff548:   00007ff9af8fdc24 000000000000000b
0x0000007b04cff558:   000001c4009502a0 000001c4009502f8
0x0000007b04cff568:   000001c40180c4d8 0000000000000005
0x0000007b04cff578:   00007ff9af8fdcb3 000001c4038f3b00
0x0000007b04cff588:   000001c47f23ac30 0000000000000001 

Instructions: (pc=0x00007ff9af8b8991)
0x00007ff9af8b8971:   10 0f b6 c1 49 8d 0c 11 49 f7 d1 48 03 c1 49 c1
0x00007ff9af8b8981:   e9 03 48 c1 e8 03 41 23 c1 c3 49 8b 01 49 8b c9
0x00007ff9af8b8991:   48 ff a0 10 01 00 00 cc cc cc cc cc cc cc cc 48
0x00007ff9af8b89a1:   8b c2 c3 cc cc cc cc cc cc cc cc cc cc cc cc 48 


Stack slot to memory mapping:
stack at sp + 0 slots: 0x00007ff9afa2977e jvm.dll
stack at sp + 1 slots: 0x0000000000000002 is an unknown value
stack at sp + 2 slots: 0x00000007219d60a8 is an oop: [Ljava.lang.Object; 
{0x00000007219d60a8} - klass: 'java/lang/Object'[]
 - length: 4
stack at sp + 3 slots: 0x00000007219d6038 is an oop: java.lang.Class 
{0x00000007219d6038} - klass: 'java/lang/Class'
stack at sp + 4 slots: 0x00007ff9afa38c0d jvm.dll
stack at sp + 5 slots: 0x000001c400950cc0 points into unknown readable memory: 0x00000007219d5da0 | a0 5d 9d 21 07 00 00 00
stack at sp + 6 slots: 64 is a compressed pointer to class: 0x0000000800000040
stack at sp + 7 slots: 0x0000000c00950cc0 is an unknown value


---------------  P R O C E S S  ---------------

Threads class SMR info:
_java_thread_list=0x000001c4039d0f50, length=24, elements={
0x000001c45ae03000, 0x000001c47d5d3800, 0x000001c47d5dc800, 0x000001c47ded8800,
0x000001c47deda000, 0x000001c47dedc000, 0x000001c47dee1000, 0x000001c47deeb000,
0x000001c47def4000, 0x000001c47e07f000, 0x000001c4015bd800, 0x000001c401234800,
0x000001c401235000, 0x000001c4006a9000, 0x000001c400ec9800, 0x000001c400b75800,
0x000001c400b71000, 0x000001c400b73000, 0x000001c400b77800, 0x000001c400b72000,
0x000001c400b74800, 0x000001c400b77000, 0x000001c400b73800, 0x000001c47f983000
}

Java Threads: ( => current thread )
  0x000001c45ae03000 JavaThread "main" [_thread_blocked, id=15812, stack(0x0000007b03700000,0x0000007b03800000)]
  0x000001c47d5d3800 JavaThread "Reference Handler" daemon [_thread_blocked, id=15380, stack(0x0000007b03e00000,0x0000007b03f00000)]
  0x000001c47d5dc800 JavaThread "Finalizer" daemon [_thread_blocked, id=148, stack(0x0000007b03f00000,0x0000007b04000000)]
  0x000001c47ded8800 JavaThread "Signal Dispatcher" daemon [_thread_blocked, id=2436, stack(0x0000007b04000000,0x0000007b04100000)]
  0x000001c47deda000 JavaThread "Attach Listener" daemon [_thread_blocked, id=2916, stack(0x0000007b04100000,0x0000007b04200000)]
  0x000001c47dedc000 JavaThread "Service Thread" daemon [_thread_blocked, id=10528, stack(0x0000007b04200000,0x0000007b04300000)]
  0x000001c47dee1000 JavaThread "C2 CompilerThread0" daemon [_thread_blocked, id=10296, stack(0x0000007b04300000,0x0000007b04400000)]
  0x000001c47deeb000 JavaThread "C1 CompilerThread0" daemon [_thread_blocked, id=12360, stack(0x0000007b04400000,0x0000007b04500000)]
  0x000001c47def4000 JavaThread "Sweeper thread" daemon [_thread_blocked, id=9164, stack(0x0000007b04500000,0x0000007b04600000)]
  0x000001c47e07f000 JavaThread "Common-Cleaner" daemon [_thread_blocked, id=13720, stack(0x0000007b04700000,0x0000007b04800000)]
  0x000001c4015bd800 JavaThread "resolver-1" daemon [_thread_blocked, id=12368, stack(0x0000007b04f00000,0x0000007b05000000)]
  0x000001c401234800 JavaThread "resolver-2" daemon [_thread_blocked, id=1892, stack(0x0000007b05000000,0x0000007b05100000)]
  0x000001c401235000 JavaThread "resolver-3" daemon [_thread_blocked, id=1328, stack(0x0000007b05100000,0x0000007b05200000)]
  0x000001c4006a9000 JavaThread "resolver-4" daemon [_thread_blocked, id=8764, stack(0x0000007b05200000,0x0000007b05300000)]
  0x000001c400ec9800 JavaThread "resolver-5" daemon [_thread_blocked, id=15204, stack(0x0000007b05300000,0x0000007b05400000)]
  0x000001c400b75800 JavaThread "OkHttp ConnectionPool" daemon [_thread_blocked, id=10212, stack(0x0000007b04800000,0x0000007b04900000)]
  0x000001c400b71000 JavaThread "Okio Watchdog" daemon [_thread_blocked, id=4212, stack(0x0000007b05400000,0x0000007b05500000)]
  0x000001c400b73000 JavaThread "OkHttp TaskRunner" daemon [_thread_blocked, id=12660, stack(0x0000007b05500000,0x0000007b05600000)]
  0x000001c400b77800 JavaThread "Okio Watchdog" daemon [_thread_blocked, id=11432, stack(0x0000007b05600000,0x0000007b05700000)]
  0x000001c400b72000 JavaThread "HttpClient-1-SelectorManager" daemon [_thread_in_native, id=3684, stack(0x0000007b05800000,0x0000007b05900000)]
  0x000001c400b74800 JavaThread "JGit-FileStoreAttributeReader-1" daemon [_thread_blocked, id=15392, stack(0x0000007b05d00000,0x0000007b05e00000)]
  0x000001c400b77000 JavaThread "JGit-WorkQueue" daemon [_thread_blocked, id=5168, stack(0x0000007b05f00000,0x0000007b06000000)]
  0x000001c400b73800 JavaThread "Report about progress of Java AST analyzer" daemon [_thread_blocked, id=1412, stack(0x0000007b05700000,0x0000007b05800000)]
  0x000001c47f983000 JavaThread "C2 CompilerThread1" daemon [_thread_blocked, id=3840, stack(0x0000007b06000000,0x0000007b06100000)]

Other Threads:
  0x000001c47d5d0000 VMThread "VM Thread" [stack: 0x0000007b03d00000,0x0000007b03e00000] [id=12580]
  0x000001c47e07d800 WatcherThread [stack: 0x0000007b04600000,0x0000007b04700000] [id=4664]
  0x000001c45ae17800 GCTaskThread "GC Thread#0" [stack: 0x0000007b03800000,0x0000007b03900000] [id=12564]
  0x000001c47edc6000 GCTaskThread "GC Thread#1" [stack: 0x0000007b04a00000,0x0000007b04b00000] [id=14200]
  0x000001c47eb94800 GCTaskThread "GC Thread#2" [stack: 0x0000007b04b00000,0x0000007b04c00000] [id=12352]
=>0x000001c47f279000 GCTaskThread "GC Thread#3" [stack: 0x0000007b04c00000,0x0000007b04d00000] [id=3788]
  0x000001c47f279800 GCTaskThread "GC Thread#4" [stack: 0x0000007b04d00000,0x0000007b04e00000] [id=6412]
  0x000001c4023ca000 GCTaskThread "GC Thread#5" [stack: 0x0000007b05e00000,0x0000007b05f00000] [id=4492]
  0x000001c45ae69000 ConcurrentGCThread "G1 Main Marker" [stack: 0x0000007b03900000,0x0000007b03a00000] [id=3916]
  0x000001c45ae6c800 ConcurrentGCThread "G1 Conc#0" [stack: 0x0000007b03a00000,0x0000007b03b00000] [id=9496]
  0x000001c47f9cc800 ConcurrentGCThread "G1 Conc#1" [stack: 0x0000007b04e00000,0x0000007b04f00000] [id=16356]
  0x000001c47d4b8000 ConcurrentGCThread "G1 Refine#0" [stack: 0x0000007b03b00000,0x0000007b03c00000] [id=6544]
  0x000001c47e52c800 ConcurrentGCThread "G1 Refine#1" [stack: 0x0000007b05900000,0x0000007b05a00000] [id=15436]
  0x000001c47e52a800 ConcurrentGCThread "G1 Refine#2" [stack: 0x0000007b05a00000,0x0000007b05b00000] [id=7408]
  0x000001c47e529800 ConcurrentGCThread "G1 Refine#3" [stack: 0x0000007b05b00000,0x0000007b05c00000] [id=4604]
  0x000001c47e52b000 ConcurrentGCThread "G1 Refine#4" [stack: 0x0000007b05c00000,0x0000007b05d00000] [id=14956]
  0x000001c47d4bb000 ConcurrentGCThread "G1 Young RemSet Sampling" [stack: 0x0000007b03c00000,0x0000007b03d00000] [id=9132]

Threads with active compile tasks:
C2 CompilerThread0  24762 8248       4       jdk.internal.jimage.BasicImageReader::getString (48 bytes)
C1 CompilerThread0  24762 8275       3       jdk.internal.jrtfs.JrtFileSystemProvider::toJrtPath (27 bytes)
C2 CompilerThread1  24762 8252       4       jdk.internal.jimage.ImageLocation::getAttributeString (54 bytes)

VM state:at safepoint (normal execution)

VM Mutex/Monitor currently owned by a thread:  ([mutex/lock_event])
[0x000001c45ae00780] Threads_lock - owner thread: 0x000001c47d5d0000
[0x000001c45adffdf0] Heap_lock - owner thread: 0x000001c45ae03000
[0x000001c45adffcd0] MethodData_lock - owner thread: 0x000001c45ae03000

Heap address: 0x0000000720c00000, size: 3572 MB, Compressed Oops mode: Zero based, Oop shift amount: 3
Narrow klass base: 0x0000000800000000, Narrow klass shift: 0
Compressed class space size: 1073741824 Address: 0x0000000800000000

Heap:
 garbage-first heap   total 275456K, used 122872K [0x0000000720c00000, 0x0000000800000000)
  region size 1024K, 56 young (57344K), 4 survivors (4096K)
 Metaspace       used 96744K, capacity 100871K, committed 101020K, reserved 1136640K
  class space    used 12538K, capacity 13984K, committed 14080K, reserved 1048576K
Heap Regions: E=young(eden), S=young(survivor), O=old, HS=humongous(starts), HC=humongous(continues), CS=collection set, F=free, A=archive, TAMS=top-at-mark-start (previous, next)
|   0|0x0000000720c00000, 0x0000000720d00000, 0x0000000720d00000|100%| O|  |TAMS 0x0000000720d00000, 0x0000000720d00000| Untracked 
|   1|0x0000000720d00000, 0x0000000720e00000, 0x0000000720e00000|100%| O|  |TAMS 0x0000000720e00000, 0x0000000720e00000| Untracked 
|   2|0x0000000720e00000, 0x0000000720f00000, 0x0000000720f00000|100%| O|  |TAMS 0x0000000720f00000, 0x0000000720f00000| Untracked 
|   3|0x0000000720f00000, 0x0000000721000000, 0x0000000721000000|100%| O|  |TAMS 0x0000000721000000, 0x0000000721000000| Untracked 
|   4|0x0000000721000000, 0x0000000721100000, 0x0000000721100000|100%| O|  |TAMS 0x0000000721100000, 0x0000000721100000| Untracked 
|   5|0x0000000721100000, 0x0000000721200000, 0x0000000721200000|100%| O|  |TAMS 0x0000000721200000, 0x0000000721200000| Untracked 
|   6|0x0000000721200000, 0x0000000721300000, 0x0000000721300000|100%| O|  |TAMS 0x0000000721300000, 0x0000000721300000| Untracked 
|   7|0x0000000721300000, 0x0000000721400000, 0x0000000721400000|100%| O|  |TAMS 0x0000000721400000, 0x0000000721400000| Untracked 
|   8|0x0000000721400000, 0x0000000721500000, 0x0000000721500000|100%| O|  |TAMS 0x0000000721500000, 0x0000000721500000| Untracked 
|   9|0x0000000721500000, 0x0000000721600000, 0x0000000721600000|100%| O|  |TAMS 0x0000000721600000, 0x0000000721600000| Untracked 
|  10|0x0000000721600000, 0x0000000721700000, 0x0000000721700000|100%| O|  |TAMS 0x0000000721700000, 0x0000000721700000| Untracked 
|  11|0x0000000721700000, 0x0000000721800000, 0x0000000721800000|100%|HS|  |TAMS 0x0000000721800000, 0x0000000721800000| Complete 
|  12|0x0000000721800000, 0x0000000721900000, 0x0000000721900000|100%|HC|  |TAMS 0x0000000721900000, 0x0000000721900000| Complete 
|  13|0x0000000721900000, 0x0000000721a00000, 0x0000000721a00000|100%| O|  |TAMS 0x0000000721900000, 0x0000000721a00000| Untracked 
|  14|0x0000000721a00000, 0x0000000721b00000, 0x0000000721b00000|100%| O|  |TAMS 0x0000000721b00000, 0x0000000721b00000| Untracked 
|  15|0x0000000721b00000, 0x0000000721c00000, 0x0000000721c00000|100%| O|  |TAMS 0x0000000721c00000, 0x0000000721c00000| Untracked 
|  16|0x0000000721c00000, 0x0000000721d00000, 0x0000000721d00000|100%| O|  |TAMS 0x0000000721d00000, 0x0000000721d00000| Untracked 
|  17|0x0000000721d00000, 0x0000000721e00000, 0x0000000721e00000|100%| O|  |TAMS 0x0000000721e00000, 0x0000000721e00000| Untracked 
|  18|0x0000000721e00000, 0x0000000721f00000, 0x0000000721f00000|100%| O|  |TAMS 0x0000000721f00000, 0x0000000721f00000| Untracked 
|  19|0x0000000721f00000, 0x0000000722000000, 0x0000000722000000|100%| O|  |TAMS 0x0000000722000000, 0x0000000722000000| Untracked 
|  20|0x0000000722000000, 0x0000000722100000, 0x0000000722100000|100%| O|  |TAMS 0x0000000722100000, 0x0000000722100000| Untracked 
|  21|0x0000000722100000, 0x0000000722200000, 0x0000000722200000|100%| O|  |TAMS 0x0000000722200000, 0x0000000722200000| Untracked 
|  22|0x0000000722200000, 0x0000000722300000, 0x0000000722300000|100%| O|  |TAMS 0x0000000722300000, 0x0000000722300000| Untracked 
|  23|0x0000000722300000, 0x0000000722400000, 0x0000000722400000|100%| O|  |TAMS 0x0000000722400000, 0x0000000722400000| Untracked 
|  24|0x0000000722400000, 0x0000000722500000, 0x0000000722500000|100%| O|  |TAMS 0x0000000722500000, 0x0000000722500000| Untracked 
|  25|0x0000000722500000, 0x0000000722600000, 0x0000000722600000|100%| O|  |TAMS 0x0000000722600000, 0x0000000722600000| Untracked 
|  26|0x0000000722600000, 0x0000000722700000, 0x0000000722700000|100%| O|  |TAMS 0x0000000722700000, 0x0000000722700000| Untracked 
|  27|0x0000000722700000, 0x0000000722800000, 0x0000000722800000|100%| O|  |TAMS 0x0000000722800000, 0x0000000722800000| Untracked 
|  28|0x0000000722800000, 0x0000000722900000, 0x0000000722900000|100%| O|  |TAMS 0x0000000722900000, 0x0000000722900000| Untracked 
|  29|0x0000000722900000, 0x0000000722a00000, 0x0000000722a00000|100%| O|  |TAMS 0x0000000722a00000, 0x0000000722a00000| Untracked 
|  30|0x0000000722a00000, 0x0000000722b00000, 0x0000000722b00000|100%|HS|  |TAMS 0x0000000722b00000, 0x0000000722b00000| Complete 
|  31|0x0000000722b00000, 0x0000000722c00000, 0x0000000722c00000|100%|HS|  |TAMS 0x0000000722c00000, 0x0000000722c00000| Complete 
|  32|0x0000000722c00000, 0x0000000722d00000, 0x0000000722d00000|100%|HS|  |TAMS 0x0000000722d00000, 0x0000000722d00000| Complete 
|  33|0x0000000722d00000, 0x0000000722e00000, 0x0000000722e00000|100%|HC|  |TAMS 0x0000000722e00000, 0x0000000722e00000| Complete 
|  34|0x0000000722e00000, 0x0000000722f00000, 0x0000000722f00000|100%|HC|  |TAMS 0x0000000722f00000, 0x0000000722f00000| Complete 
|  35|0x0000000722f00000, 0x0000000723000000, 0x0000000723000000|100%| O|  |TAMS 0x0000000723000000, 0x0000000723000000| Untracked 
|  36|0x0000000723000000, 0x0000000723100000, 0x0000000723100000|100%|HS|  |TAMS 0x0000000723100000, 0x0000000723100000| Complete 
|  37|0x0000000723100000, 0x0000000723200000, 0x0000000723200000|100%| O|  |TAMS 0x00000007231c0800, 0x0000000723200000| Untracked 
|  38|0x0000000723200000, 0x0000000723300000, 0x0000000723300000|100%| O|  |TAMS 0x0000000723300000, 0x0000000723300000| Untracked 
|  39|0x0000000723300000, 0x0000000723400000, 0x0000000723400000|100%| O|  |TAMS 0x0000000723400000, 0x0000000723400000| Untracked 
|  40|0x0000000723400000, 0x0000000723500000, 0x0000000723500000|100%| O|  |TAMS 0x0000000723500000, 0x0000000723500000| Untracked 
|  41|0x0000000723500000, 0x0000000723600000, 0x0000000723600000|100%| O|  |TAMS 0x0000000723600000, 0x0000000723600000| Untracked 
|  42|0x0000000723600000, 0x0000000723700000, 0x0000000723700000|100%| O|  |TAMS 0x0000000723700000, 0x0000000723700000| Untracked 
|  43|0x0000000723700000, 0x0000000723800000, 0x0000000723800000|100%| O|  |TAMS 0x0000000723800000, 0x0000000723800000| Untracked 
|  44|0x0000000723800000, 0x0000000723900000, 0x0000000723900000|100%| O|  |TAMS 0x0000000723900000, 0x0000000723900000| Untracked 
|  45|0x0000000723900000, 0x0000000723a00000, 0x0000000723a00000|100%| O|  |TAMS 0x0000000723a00000, 0x0000000723a00000| Untracked 
|  46|0x0000000723a00000, 0x0000000723b00000, 0x0000000723b00000|100%| O|  |TAMS 0x0000000723b00000, 0x0000000723b00000| Untracked 
|  47|0x0000000723b00000, 0x0000000723c00000, 0x0000000723c00000|100%| O|  |TAMS 0x0000000723c00000, 0x0000000723c00000| Untracked 
|  48|0x0000000723c00000, 0x0000000723d00000, 0x0000000723d00000|100%| O|  |TAMS 0x0000000723d00000, 0x0000000723d00000| Untracked 
|  49|0x0000000723d00000, 0x0000000723e00000, 0x0000000723e00000|100%| O|  |TAMS 0x0000000723d00000, 0x0000000723e00000| Untracked 
|  50|0x0000000723e00000, 0x0000000723f00000, 0x0000000723f00000|100%| O|  |TAMS 0x0000000723e00000, 0x0000000723f00000| Untracked 
|  51|0x0000000723f00000, 0x0000000724000000, 0x0000000724000000|100%| O|  |TAMS 0x0000000723f00000, 0x0000000724000000| Untracked 
|  52|0x0000000724000000, 0x0000000724100000, 0x0000000724100000|100%| O|  |TAMS 0x0000000724000000, 0x0000000724100000| Untracked 
|  53|0x0000000724100000, 0x0000000724200000, 0x0000000724200000|100%| O|  |TAMS 0x0000000724100000, 0x0000000724200000| Untracked 
|  54|0x0000000724200000, 0x0000000724300000, 0x0000000724300000|100%| O|  |TAMS 0x0000000724200000, 0x0000000724300000| Untracked 
|  55|0x0000000724300000, 0x0000000724400000, 0x0000000724400000|100%| O|  |TAMS 0x0000000724300000, 0x0000000724400000| Untracked 
|  56|0x0000000724400000, 0x0000000724500000, 0x0000000724500000|100%| O|  |TAMS 0x0000000724400000, 0x0000000724500000| Untracked 
|  57|0x0000000724500000, 0x0000000724600000, 0x0000000724600000|100%| O|  |TAMS 0x0000000724500000, 0x0000000724600000| Untracked 
|  58|0x0000000724600000, 0x0000000724700000, 0x0000000724700000|100%| O|  |TAMS 0x0000000724600000, 0x0000000724700000| Untracked 
|  59|0x0000000724700000, 0x0000000724800000, 0x0000000724800000|100%| O|  |TAMS 0x0000000724700000, 0x0000000724800000| Untracked 
|  60|0x0000000724800000, 0x0000000724900000, 0x0000000724900000|100%| O|  |TAMS 0x0000000724800000, 0x0000000724900000| Untracked 
|  61|0x0000000724900000, 0x0000000724a00000, 0x0000000724a00000|100%| O|  |TAMS 0x0000000724900000, 0x0000000724a00000| Untracked 
|  62|0x0000000724a00000, 0x0000000724b00000, 0x0000000724b00000|100%| O|  |TAMS 0x0000000724a00000, 0x0000000724b00000| Untracked 
|  63|0x0000000724b00000, 0x0000000724c00000, 0x0000000724c00000|100%| O|  |TAMS 0x0000000724b00000, 0x0000000724c00000| Untracked 
|  64|0x0000000724c00000, 0x0000000724d00000, 0x0000000724d00000|100%| O|  |TAMS 0x0000000724c00000, 0x0000000724d00000| Untracked 
|  65|0x0000000724d00000, 0x0000000724e00000, 0x0000000724e00000|100%| O|  |TAMS 0x0000000724d00000, 0x0000000724e00000| Untracked 
|  66|0x0000000724e00000, 0x0000000724f00000, 0x0000000724f00000|100%| O|  |TAMS 0x0000000724e00000, 0x0000000724f00000| Untracked 
|  67|0x0000000724f00000, 0x0000000724fb0518, 0x0000000725000000| 68%| O|  |TAMS 0x0000000724f00000, 0x0000000725000000| Untracked 
|  68|0x0000000725000000, 0x0000000725000000, 0x0000000725100000|  0%| F|  |TAMS 0x0000000725000000, 0x0000000725000000| Untracked 
|  69|0x0000000725100000, 0x0000000725100000, 0x0000000725200000|  0%| F|  |TAMS 0x0000000725100000, 0x0000000725100000| Untracked 
|  70|0x0000000725200000, 0x0000000725200000, 0x0000000725300000|  0%| F|  |TAMS 0x0000000725200000, 0x0000000725200000| Untracked 
|  71|0x0000000725300000, 0x0000000725300000, 0x0000000725400000|  0%| F|  |TAMS 0x0000000725300000, 0x0000000725300000| Untracked 
|  72|0x0000000725400000, 0x0000000725400000, 0x0000000725500000|  0%| F|  |TAMS 0x0000000725400000, 0x0000000725400000| Untracked 
|  73|0x0000000725500000, 0x0000000725500000, 0x0000000725600000|  0%| F|  |TAMS 0x0000000725500000, 0x0000000725500000| Untracked 
|  74|0x0000000725600000, 0x0000000725600000, 0x0000000725700000|  0%| F|  |TAMS 0x0000000725600000, 0x0000000725600000| Untracked 
|  75|0x0000000725700000, 0x0000000725700000, 0x0000000725800000|  0%| F|  |TAMS 0x0000000725700000, 0x0000000725700000| Untracked 
|  76|0x0000000725800000, 0x0000000725800000, 0x0000000725900000|  0%| F|  |TAMS 0x0000000725800000, 0x0000000725800000| Untracked 
|  77|0x0000000725900000, 0x0000000725900000, 0x0000000725a00000|  0%| F|  |TAMS 0x0000000725900000, 0x0000000725900000| Untracked 
|  78|0x0000000725a00000, 0x0000000725a00000, 0x0000000725b00000|  0%| F|  |TAMS 0x0000000725a00000, 0x0000000725a00000| Untracked 
|  79|0x0000000725b00000, 0x0000000725b00000, 0x0000000725c00000|  0%| F|  |TAMS 0x0000000725b00000, 0x0000000725b00000| Untracked 
|  80|0x0000000725c00000, 0x0000000725c00000, 0x0000000725d00000|  0%| F|  |TAMS 0x0000000725c00000, 0x0000000725c00000| Untracked 
|  81|0x0000000725d00000, 0x0000000725d00000, 0x0000000725e00000|  0%| F|  |TAMS 0x0000000725d00000, 0x0000000725d00000| Untracked 
|  82|0x0000000725e00000, 0x0000000725e00000, 0x0000000725f00000|  0%| F|  |TAMS 0x0000000725e00000, 0x0000000725e00000| Untracked 
|  83|0x0000000725f00000, 0x0000000725f00000, 0x0000000726000000|  0%| F|  |TAMS 0x0000000725f00000, 0x0000000725f00000| Untracked 
|  84|0x0000000726000000, 0x0000000726000000, 0x0000000726100000|  0%| F|  |TAMS 0x0000000726000000, 0x0000000726000000| Untracked 
|  85|0x0000000726100000, 0x0000000726100000, 0x0000000726200000|  0%| F|  |TAMS 0x0000000726100000, 0x0000000726100000| Untracked 
|  86|0x0000000726200000, 0x0000000726200000, 0x0000000726300000|  0%| F|  |TAMS 0x0000000726200000, 0x0000000726200000| Untracked 
|  87|0x0000000726300000, 0x0000000726300000, 0x0000000726400000|  0%| F|  |TAMS 0x0000000726300000, 0x0000000726300000| Untracked 
|  88|0x0000000726400000, 0x0000000726400000, 0x0000000726500000|  0%| F|  |TAMS 0x0000000726400000, 0x0000000726400000| Untracked 
|  89|0x0000000726500000, 0x0000000726500000, 0x0000000726600000|  0%| F|  |TAMS 0x0000000726500000, 0x0000000726500000| Untracked 
|  90|0x0000000726600000, 0x0000000726600000, 0x0000000726700000|  0%| F|  |TAMS 0x0000000726600000, 0x0000000726600000| Untracked 
|  91|0x0000000726700000, 0x0000000726700000, 0x0000000726800000|  0%| F|  |TAMS 0x0000000726700000, 0x0000000726700000| Untracked 
|  92|0x0000000726800000, 0x0000000726800000, 0x0000000726900000|  0%| F|  |TAMS 0x0000000726800000, 0x0000000726800000| Untracked 
|  93|0x0000000726900000, 0x0000000726900000, 0x0000000726a00000|  0%| F|  |TAMS 0x0000000726900000, 0x0000000726900000| Untracked 
|  94|0x0000000726a00000, 0x0000000726a00000, 0x0000000726b00000|  0%| F|  |TAMS 0x0000000726a00000, 0x0000000726a00000| Untracked 
|  95|0x0000000726b00000, 0x0000000726b00000, 0x0000000726c00000|  0%| F|  |TAMS 0x0000000726b00000, 0x0000000726b00000| Untracked 
|  96|0x0000000726c00000, 0x0000000726c00000, 0x0000000726d00000|  0%| F|  |TAMS 0x0000000726c00000, 0x0000000726c00000| Untracked 
|  97|0x0000000726d00000, 0x0000000726d00000, 0x0000000726e00000|  0%| F|  |TAMS 0x0000000726d00000, 0x0000000726d00000| Untracked 
|  98|0x0000000726e00000, 0x0000000726e00000, 0x0000000726f00000|  0%| F|  |TAMS 0x0000000726e00000, 0x0000000726e00000| Untracked 
|  99|0x0000000726f00000, 0x0000000726f00000, 0x0000000727000000|  0%| F|  |TAMS 0x0000000726f00000, 0x0000000726f00000| Untracked 
| 100|0x0000000727000000, 0x0000000727000000, 0x0000000727100000|  0%| F|  |TAMS 0x0000000727000000, 0x0000000727000000| Untracked 
| 101|0x0000000727100000, 0x0000000727100000, 0x0000000727200000|  0%| F|  |TAMS 0x0000000727100000, 0x0000000727100000| Untracked 
| 102|0x0000000727200000, 0x0000000727200000, 0x0000000727300000|  0%| F|  |TAMS 0x0000000727200000, 0x0000000727200000| Untracked 
| 103|0x0000000727300000, 0x0000000727300000, 0x0000000727400000|  0%| F|  |TAMS 0x0000000727300000, 0x0000000727300000| Untracked 
| 104|0x0000000727400000, 0x0000000727400000, 0x0000000727500000|  0%| F|  |TAMS 0x0000000727400000, 0x0000000727400000| Untracked 
| 105|0x0000000727500000, 0x0000000727500000, 0x0000000727600000|  0%| F|  |TAMS 0x0000000727500000, 0x0000000727500000| Untracked 
| 106|0x0000000727600000, 0x0000000727600000, 0x0000000727700000|  0%| F|  |TAMS 0x0000000727600000, 0x0000000727600000| Untracked 
| 107|0x0000000727700000, 0x0000000727700000, 0x0000000727800000|  0%| F|  |TAMS 0x0000000727700000, 0x0000000727700000| Untracked 
| 108|0x0000000727800000, 0x0000000727800000, 0x0000000727900000|  0%| F|  |TAMS 0x0000000727800000, 0x0000000727800000| Untracked 
| 109|0x0000000727900000, 0x0000000727900000, 0x0000000727a00000|  0%| F|  |TAMS 0x0000000727900000, 0x0000000727900000| Untracked 
| 110|0x0000000727a00000, 0x0000000727a00000, 0x0000000727b00000|  0%| F|  |TAMS 0x0000000727a00000, 0x0000000727a00000| Untracked 
| 111|0x0000000727b00000, 0x0000000727b00000, 0x0000000727c00000|  0%| F|  |TAMS 0x0000000727b00000, 0x0000000727b00000| Untracked 
| 112|0x0000000727c00000, 0x0000000727c00000, 0x0000000727d00000|  0%| F|  |TAMS 0x0000000727c00000, 0x0000000727c00000| Untracked 
| 113|0x0000000727d00000, 0x0000000727d00000, 0x0000000727e00000|  0%| F|  |TAMS 0x0000000727d00000, 0x0000000727d00000| Untracked 
| 114|0x0000000727e00000, 0x0000000727e00000, 0x0000000727f00000|  0%| F|  |TAMS 0x0000000727e00000, 0x0000000727e00000| Untracked 
| 115|0x0000000727f00000, 0x0000000727f00000, 0x0000000728000000|  0%| F|  |TAMS 0x0000000727f00000, 0x0000000727f00000| Untracked 
| 116|0x0000000728000000, 0x0000000728000000, 0x0000000728100000|  0%| F|  |TAMS 0x0000000728000000, 0x0000000728000000| Untracked 
| 117|0x0000000728100000, 0x0000000728100000, 0x0000000728200000|  0%| F|  |TAMS 0x0000000728100000, 0x0000000728100000| Untracked 
| 118|0x0000000728200000, 0x00000007282e3f10, 0x0000000728300000| 89%| E|CS|TAMS 0x0000000728200000, 0x00000007282e3f10| Complete 
| 119|0x0000000728300000, 0x0000000728400000, 0x0000000728400000|100%| E|CS|TAMS 0x0000000728300000, 0x0000000728400000| Complete 
| 120|0x0000000728400000, 0x0000000728500000, 0x0000000728500000|100%| E|CS|TAMS 0x0000000728400000, 0x0000000728500000| Complete 
| 121|0x0000000728500000, 0x0000000728600000, 0x0000000728600000|100%| E|CS|TAMS 0x0000000728500000, 0x0000000728600000| Complete 
| 122|0x0000000728600000, 0x0000000728700000, 0x0000000728700000|100%| E|CS|TAMS 0x0000000728600000, 0x0000000728700000| Complete 
| 123|0x0000000728700000, 0x0000000728800000, 0x0000000728800000|100%| E|CS|TAMS 0x0000000728700000, 0x0000000728800000| Complete 
| 124|0x0000000728800000, 0x0000000728900000, 0x0000000728900000|100%| E|CS|TAMS 0x0000000728800000, 0x0000000728900000| Complete 
| 125|0x0000000728900000, 0x0000000728a00000, 0x0000000728a00000|100%| E|CS|TAMS 0x0000000728900000, 0x0000000728a00000| Complete 
| 126|0x0000000728a00000, 0x0000000728b00000, 0x0000000728b00000|100%| E|CS|TAMS 0x0000000728a00000, 0x0000000728b00000| Complete 
| 127|0x0000000728b00000, 0x0000000728c00000, 0x0000000728c00000|100%| E|CS|TAMS 0x0000000728b00000, 0x0000000728c00000| Complete 
| 128|0x0000000728c00000, 0x0000000728d00000, 0x0000000728d00000|100%| E|CS|TAMS 0x0000000728c00000, 0x0000000728d00000| Complete 
| 129|0x0000000728d00000, 0x0000000728e00000, 0x0000000728e00000|100%| E|CS|TAMS 0x0000000728d00000, 0x0000000728e00000| Complete 
| 130|0x0000000728e00000, 0x0000000728f00000, 0x0000000728f00000|100%| E|CS|TAMS 0x0000000728e00000, 0x0000000728f00000| Complete 
| 131|0x0000000728f00000, 0x0000000729000000, 0x0000000729000000|100%| E|CS|TAMS 0x0000000728f00000, 0x0000000729000000| Complete 
| 132|0x0000000729000000, 0x0000000729100000, 0x0000000729100000|100%| E|CS|TAMS 0x0000000729000000, 0x0000000729100000| Complete 
| 133|0x0000000729100000, 0x0000000729200000, 0x0000000729200000|100%| E|CS|TAMS 0x0000000729100000, 0x0000000729200000| Complete 
| 134|0x0000000729200000, 0x0000000729200000, 0x0000000729300000|  0%| F|  |TAMS 0x0000000729200000, 0x0000000729200000| Untracked 
| 135|0x0000000729300000, 0x0000000729300000, 0x0000000729400000|  0%| F|  |TAMS 0x0000000729300000, 0x0000000729300000| Untracked 
| 136|0x0000000729400000, 0x0000000729400000, 0x0000000729500000|  0%| F|  |TAMS 0x0000000729400000, 0x0000000729400000| Untracked 
| 137|0x0000000729500000, 0x0000000729500000, 0x0000000729600000|  0%| F|  |TAMS 0x0000000729500000, 0x0000000729500000| Untracked 
| 138|0x0000000729600000, 0x0000000729600000, 0x0000000729700000|  0%| F|  |TAMS 0x0000000729600000, 0x0000000729600000| Untracked 
| 139|0x0000000729700000, 0x0000000729700000, 0x0000000729800000|  0%| F|  |TAMS 0x0000000729700000, 0x0000000729700000| Untracked 
| 140|0x0000000729800000, 0x0000000729800000, 0x0000000729900000|  0%| F|  |TAMS 0x0000000729800000, 0x0000000729800000| Untracked 
| 141|0x0000000729900000, 0x0000000729900000, 0x0000000729a00000|  0%| F|  |TAMS 0x0000000729900000, 0x0000000729900000| Untracked 
| 142|0x0000000729a00000, 0x0000000729a00000, 0x0000000729b00000|  0%| F|  |TAMS 0x0000000729a00000, 0x0000000729a00000| Untracked 
| 143|0x0000000729b00000, 0x0000000729b00000, 0x0000000729c00000|  0%| F|  |TAMS 0x0000000729b00000, 0x0000000729b00000| Untracked 
| 144|0x0000000729c00000, 0x0000000729c00000, 0x0000000729d00000|  0%| F|  |TAMS 0x0000000729c00000, 0x0000000729c00000| Untracked 
| 145|0x0000000729d00000, 0x0000000729d00000, 0x0000000729e00000|  0%| F|  |TAMS 0x0000000729d00000, 0x0000000729d00000| Untracked 
| 146|0x0000000729e00000, 0x0000000729e00000, 0x0000000729f00000|  0%| F|  |TAMS 0x0000000729e00000, 0x0000000729e00000| Untracked 
| 147|0x0000000729f00000, 0x0000000729f00000, 0x000000072a000000|  0%| F|  |TAMS 0x0000000729f00000, 0x0000000729f00000| Untracked 
| 148|0x000000072a000000, 0x000000072a000000, 0x000000072a100000|  0%| F|  |TAMS 0x000000072a000000, 0x000000072a000000| Untracked 
| 149|0x000000072a100000, 0x000000072a100000, 0x000000072a200000|  0%| F|  |TAMS 0x000000072a100000, 0x000000072a100000| Untracked 
| 150|0x000000072a200000, 0x000000072a200000, 0x000000072a300000|  0%| F|  |TAMS 0x000000072a200000, 0x000000072a200000| Untracked 
| 151|0x000000072a300000, 0x000000072a300000, 0x000000072a400000|  0%| F|  |TAMS 0x000000072a300000, 0x000000072a300000| Untracked 
| 152|0x000000072a400000, 0x000000072a400000, 0x000000072a500000|  0%| F|  |TAMS 0x000000072a400000, 0x000000072a400000| Untracked 
| 153|0x000000072a500000, 0x000000072a500000, 0x000000072a600000|  0%| F|  |TAMS 0x000000072a500000, 0x000000072a500000| Untracked 
| 154|0x000000072a600000, 0x000000072a600000, 0x000000072a700000|  0%| F|  |TAMS 0x000000072a600000, 0x000000072a600000| Untracked 
| 155|0x000000072a700000, 0x000000072a700000, 0x000000072a800000|  0%| F|  |TAMS 0x000000072a700000, 0x000000072a700000| Untracked 
| 156|0x000000072a800000, 0x000000072a800000, 0x000000072a900000|  0%| F|  |TAMS 0x000000072a800000, 0x000000072a800000| Untracked 
| 157|0x000000072a900000, 0x000000072a900000, 0x000000072aa00000|  0%| F|  |TAMS 0x000000072a900000, 0x000000072a900000| Untracked 
| 158|0x000000072aa00000, 0x000000072aa00000, 0x000000072ab00000|  0%| F|  |TAMS 0x000000072aa00000, 0x000000072aa00000| Untracked 
| 159|0x000000072ab00000, 0x000000072ab00000, 0x000000072ac00000|  0%| F|  |TAMS 0x000000072ab00000, 0x000000072ab00000| Untracked 
| 160|0x000000072ac00000, 0x000000072ac00000, 0x000000072ad00000|  0%| F|  |TAMS 0x000000072ac00000, 0x000000072ac00000| Untracked 
| 161|0x000000072ad00000, 0x000000072ad00000, 0x000000072ae00000|  0%| F|  |TAMS 0x000000072ad00000, 0x000000072ad00000| Untracked 
| 162|0x000000072ae00000, 0x000000072ae00000, 0x000000072af00000|  0%| F|  |TAMS 0x000000072ae00000, 0x000000072ae00000| Untracked 
| 163|0x000000072af00000, 0x000000072af00000, 0x000000072b000000|  0%| F|  |TAMS 0x000000072af00000, 0x000000072af00000| Untracked 
| 164|0x000000072b000000, 0x000000072b000000, 0x000000072b100000|  0%| F|  |TAMS 0x000000072b000000, 0x000000072b000000| Untracked 
| 165|0x000000072b100000, 0x000000072b100000, 0x000000072b200000|  0%| F|  |TAMS 0x000000072b100000, 0x000000072b100000| Untracked 
| 166|0x000000072b200000, 0x000000072b200000, 0x000000072b300000|  0%| F|  |TAMS 0x000000072b200000, 0x000000072b200000| Untracked 
| 167|0x000000072b300000, 0x000000072b300000, 0x000000072b400000|  0%| F|  |TAMS 0x000000072b300000, 0x000000072b300000| Untracked 
| 168|0x000000072b400000, 0x000000072b400000, 0x000000072b500000|  0%| F|  |TAMS 0x000000072b400000, 0x000000072b400000| Untracked 
| 169|0x000000072b500000, 0x000000072b500000, 0x000000072b600000|  0%| F|  |TAMS 0x000000072b500000, 0x000000072b500000| Untracked 
| 170|0x000000072b600000, 0x000000072b600000, 0x000000072b700000|  0%| F|  |TAMS 0x000000072b600000, 0x000000072b600000| Untracked 
| 171|0x000000072b700000, 0x000000072b700000, 0x000000072b800000|  0%| F|  |TAMS 0x000000072b700000, 0x000000072b700000| Untracked 
| 172|0x000000072b800000, 0x000000072b800000, 0x000000072b900000|  0%| F|  |TAMS 0x000000072b800000, 0x000000072b800000| Untracked 
| 173|0x000000072b900000, 0x000000072b900000, 0x000000072ba00000|  0%| F|  |TAMS 0x000000072b900000, 0x000000072b900000| Untracked 
| 174|0x000000072ba00000, 0x000000072ba00000, 0x000000072bb00000|  0%| F|  |TAMS 0x000000072ba00000, 0x000000072ba00000| Untracked 
| 175|0x000000072bb00000, 0x000000072bb00000, 0x000000072bc00000|  0%| F|  |TAMS 0x000000072bb00000, 0x000000072bb00000| Untracked 
| 176|0x000000072bc00000, 0x000000072bc00000, 0x000000072bd00000|  0%| F|  |TAMS 0x000000072bc00000, 0x000000072bc00000| Untracked 
| 177|0x000000072bd00000, 0x000000072bd00000, 0x000000072be00000|  0%| F|  |TAMS 0x000000072bd00000, 0x000000072bd00000| Untracked 
| 178|0x000000072be00000, 0x000000072be00000, 0x000000072bf00000|  0%| F|  |TAMS 0x000000072be00000, 0x000000072be00000| Untracked 
| 179|0x000000072bf00000, 0x000000072bf00000, 0x000000072c000000|  0%| F|  |TAMS 0x000000072bf00000, 0x000000072bf00000| Untracked 
| 180|0x000000072c000000, 0x000000072c000000, 0x000000072c100000|  0%| F|  |TAMS 0x000000072c000000, 0x000000072c000000| Untracked 
| 181|0x000000072c100000, 0x000000072c100000, 0x000000072c200000|  0%| F|  |TAMS 0x000000072c100000, 0x000000072c100000| Untracked 
| 182|0x000000072c200000, 0x000000072c200000, 0x000000072c300000|  0%| F|  |TAMS 0x000000072c200000, 0x000000072c200000| Untracked 
| 183|0x000000072c300000, 0x000000072c300000, 0x000000072c400000|  0%| F|  |TAMS 0x000000072c300000, 0x000000072c300000| Untracked 
| 184|0x000000072c400000, 0x000000072c400000, 0x000000072c500000|  0%| F|  |TAMS 0x000000072c400000, 0x000000072c400000| Untracked 
| 185|0x000000072c500000, 0x000000072c500000, 0x000000072c600000|  0%| F|  |TAMS 0x000000072c500000, 0x000000072c500000| Untracked 
| 186|0x000000072c600000, 0x000000072c600000, 0x000000072c700000|  0%| F|  |TAMS 0x000000072c600000, 0x000000072c600000| Untracked 
| 187|0x000000072c700000, 0x000000072c700000, 0x000000072c800000|  0%| F|  |TAMS 0x000000072c700000, 0x000000072c700000| Untracked 
| 188|0x000000072c800000, 0x000000072c800000, 0x000000072c900000|  0%| F|  |TAMS 0x000000072c800000, 0x000000072c800000| Untracked 
| 189|0x000000072c900000, 0x000000072c900000, 0x000000072ca00000|  0%| F|  |TAMS 0x000000072c900000, 0x000000072c900000| Untracked 
| 190|0x000000072ca00000, 0x000000072ca00000, 0x000000072cb00000|  0%| F|  |TAMS 0x000000072ca00000, 0x000000072ca00000| Untracked 
| 191|0x000000072cb00000, 0x000000072cb00000, 0x000000072cc00000|  0%| F|  |TAMS 0x000000072cb00000, 0x000000072cb00000| Untracked 
| 192|0x000000072cc00000, 0x000000072cc00000, 0x000000072cd00000|  0%| F|  |TAMS 0x000000072cc00000, 0x000000072cc00000| Untracked 
| 193|0x000000072cd00000, 0x000000072cd00000, 0x000000072ce00000|  0%| F|  |TAMS 0x000000072cd00000, 0x000000072cd00000| Untracked 
| 194|0x000000072ce00000, 0x000000072ce00000, 0x000000072cf00000|  0%| F|  |TAMS 0x000000072ce00000, 0x000000072ce00000| Untracked 
| 195|0x000000072cf00000, 0x000000072cf00000, 0x000000072d000000|  0%| F|  |TAMS 0x000000072cf00000, 0x000000072cf00000| Untracked 
| 196|0x000000072d000000, 0x000000072d000000, 0x000000072d100000|  0%| F|  |TAMS 0x000000072d000000, 0x000000072d000000| Untracked 
| 197|0x000000072d100000, 0x000000072d100000, 0x000000072d200000|  0%| F|  |TAMS 0x000000072d100000, 0x000000072d100000| Untracked 
| 198|0x000000072d200000, 0x000000072d200000, 0x000000072d300000|  0%| F|  |TAMS 0x000000072d200000, 0x000000072d200000| Untracked 
| 199|0x000000072d300000, 0x000000072d300000, 0x000000072d400000|  0%| F|  |TAMS 0x000000072d300000, 0x000000072d300000| Untracked 
| 200|0x000000072d400000, 0x000000072d400000, 0x000000072d500000|  0%| F|  |TAMS 0x000000072d400000, 0x000000072d400000| Untracked 
| 201|0x000000072d500000, 0x000000072d500000, 0x000000072d600000|  0%| F|  |TAMS 0x000000072d500000, 0x000000072d500000| Untracked 
| 202|0x000000072d600000, 0x000000072d600000, 0x000000072d700000|  0%| F|  |TAMS 0x000000072d600000, 0x000000072d600000| Untracked 
| 203|0x000000072d700000, 0x000000072d700000, 0x000000072d800000|  0%| F|  |TAMS 0x000000072d700000, 0x000000072d700000| Untracked 
| 204|0x000000072d800000, 0x000000072d800000, 0x000000072d900000|  0%| F|  |TAMS 0x000000072d800000, 0x000000072d800000| Untracked 
| 205|0x000000072d900000, 0x000000072d900000, 0x000000072da00000|  0%| F|  |TAMS 0x000000072d900000, 0x000000072d900000| Untracked 
| 206|0x000000072da00000, 0x000000072da00000, 0x000000072db00000|  0%| F|  |TAMS 0x000000072da00000, 0x000000072da00000| Untracked 
| 207|0x000000072db00000, 0x000000072db00000, 0x000000072dc00000|  0%| F|  |TAMS 0x000000072db00000, 0x000000072db00000| Untracked 
| 208|0x000000072dc00000, 0x000000072dc00000, 0x000000072dd00000|  0%| F|  |TAMS 0x000000072dc00000, 0x000000072dc00000| Untracked 
| 209|0x000000072dd00000, 0x000000072dd00000, 0x000000072de00000|  0%| F|  |TAMS 0x000000072dd00000, 0x000000072dd00000| Untracked 
| 210|0x000000072de00000, 0x000000072de00000, 0x000000072df00000|  0%| F|  |TAMS 0x000000072de00000, 0x000000072de00000| Untracked 
| 211|0x000000072df00000, 0x000000072df00000, 0x000000072e000000|  0%| F|  |TAMS 0x000000072df00000, 0x000000072df00000| Untracked 
| 212|0x000000072e000000, 0x000000072e000000, 0x000000072e100000|  0%| F|  |TAMS 0x000000072e000000, 0x000000072e000000| Untracked 
| 213|0x000000072e100000, 0x000000072e1da040, 0x000000072e200000| 85%| S|  |TAMS 0x000000072e100000, 0x000000072e100000| Complete 
| 214|0x000000072e200000, 0x000000072e300000, 0x000000072e300000|100%| S|  |TAMS 0x000000072e200000, 0x000000072e200000| Complete 
| 215|0x000000072e300000, 0x000000072e400000, 0x000000072e400000|100%| S|  |TAMS 0x000000072e300000, 0x000000072e300000| Complete 
| 216|0x000000072e400000, 0x000000072e500000, 0x000000072e500000|100%| S|  |TAMS 0x000000072e400000, 0x000000072e400000| Complete 
| 217|0x000000072e500000, 0x000000072e580800, 0x000000072e600000| 50%| E|CS|TAMS 0x000000072e500000, 0x000000072e580800| Complete 
| 218|0x000000072e600000, 0x000000072e700000, 0x000000072e700000|100%| E|CS|TAMS 0x000000072e600000, 0x000000072e700000| Complete 
| 219|0x000000072e700000, 0x000000072e800000, 0x000000072e800000|100%| E|CS|TAMS 0x000000072e700000, 0x000000072e800000| Complete 
| 220|0x000000072e800000, 0x000000072e900000, 0x000000072e900000|100%| E|CS|TAMS 0x000000072e800000, 0x000000072e900000| Complete 
| 221|0x000000072e900000, 0x000000072ea00000, 0x000000072ea00000|100%| E|CS|TAMS 0x000000072e900000, 0x000000072ea00000| Complete 
| 222|0x000000072ea00000, 0x000000072eb00000, 0x000000072eb00000|100%| E|CS|TAMS 0x000000072ea00000, 0x000000072eb00000| Complete 
| 223|0x000000072eb00000, 0x000000072ec00000, 0x000000072ec00000|100%| E|CS|TAMS 0x000000072eb00000, 0x000000072ec00000| Complete 
| 224|0x000000072ec00000, 0x000000072ed00000, 0x000000072ed00000|100%| E|CS|TAMS 0x000000072ec00000, 0x000000072ed00000| Complete 
| 225|0x000000072ed00000, 0x000000072ee00000, 0x000000072ee00000|100%| E|CS|TAMS 0x000000072ed00000, 0x000000072ee00000| Complete 
| 226|0x000000072ee00000, 0x000000072ef00000, 0x000000072ef00000|100%| E|CS|TAMS 0x000000072ee00000, 0x000000072ef00000| Complete 
| 227|0x000000072ef00000, 0x000000072f000000, 0x000000072f000000|100%| E|CS|TAMS 0x000000072ef00000, 0x000000072f000000| Complete 
| 228|0x000000072f000000, 0x000000072f100000, 0x000000072f100000|100%| E|CS|TAMS 0x000000072f000000, 0x000000072f100000| Complete 
| 229|0x000000072f100000, 0x000000072f200000, 0x000000072f200000|100%| E|CS|TAMS 0x000000072f100000, 0x000000072f200000| Complete 
| 230|0x000000072f200000, 0x000000072f300000, 0x000000072f300000|100%| E|CS|TAMS 0x000000072f200000, 0x000000072f300000| Complete 
| 231|0x000000072f300000, 0x000000072f400000, 0x000000072f400000|100%| E|CS|TAMS 0x000000072f300000, 0x000000072f400000| Complete 
| 232|0x000000072f400000, 0x000000072f500000, 0x000000072f500000|100%| E|CS|TAMS 0x000000072f400000, 0x000000072f500000| Complete 
| 233|0x000000072f500000, 0x000000072f600000, 0x000000072f600000|100%| E|CS|TAMS 0x000000072f500000, 0x000000072f600000| Complete 
| 234|0x000000072f600000, 0x000000072f700000, 0x000000072f700000|100%| E|CS|TAMS 0x000000072f600000, 0x000000072f700000| Complete 
| 235|0x000000072f700000, 0x000000072f800000, 0x000000072f800000|100%| E|CS|TAMS 0x000000072f700000, 0x000000072f800000| Complete 
| 236|0x000000072f800000, 0x000000072f900000, 0x000000072f900000|100%| E|CS|TAMS 0x000000072f800000, 0x000000072f900000| Complete 
| 237|0x000000072f900000, 0x000000072fa00000, 0x000000072fa00000|100%| E|CS|TAMS 0x000000072f900000, 0x000000072fa00000| Complete 
| 238|0x000000072fa00000, 0x000000072fb00000, 0x000000072fb00000|100%| E|CS|TAMS 0x000000072fa00000, 0x000000072fb00000| Complete 
| 239|0x000000072fb00000, 0x000000072fc00000, 0x000000072fc00000|100%| E|CS|TAMS 0x000000072fb00000, 0x000000072fc00000| Complete 
| 240|0x000000072fc00000, 0x000000072fd00000, 0x000000072fd00000|100%| E|CS|TAMS 0x000000072fc00000, 0x000000072fd00000| Complete 
| 241|0x000000072fd00000, 0x000000072fe00000, 0x000000072fe00000|100%| E|CS|TAMS 0x000000072fd00000, 0x000000072fe00000| Complete 
| 242|0x000000072fe00000, 0x000000072ff00000, 0x000000072ff00000|100%| E|CS|TAMS 0x000000072fe00000, 0x000000072ff00000| Complete 
| 243|0x000000072ff00000, 0x0000000730000000, 0x0000000730000000|100%| E|CS|TAMS 0x000000072ff00000, 0x0000000730000000| Complete 
| 244|0x0000000730000000, 0x0000000730100000, 0x0000000730100000|100%| E|CS|TAMS 0x0000000730000000, 0x0000000730100000| Complete 
| 245|0x0000000730100000, 0x0000000730200000, 0x0000000730200000|100%| E|CS|TAMS 0x0000000730100000, 0x0000000730200000| Complete 
| 246|0x0000000730200000, 0x0000000730300000, 0x0000000730300000|100%| E|CS|TAMS 0x0000000730200000, 0x0000000730300000| Complete 
| 247|0x0000000730300000, 0x0000000730400000, 0x0000000730400000|100%| E|CS|TAMS 0x0000000730300000, 0x0000000730400000| Complete 
| 248|0x0000000730400000, 0x0000000730500000, 0x0000000730500000|100%| E|CS|TAMS 0x0000000730400000, 0x0000000730500000| Complete 
| 249|0x0000000730500000, 0x0000000730600000, 0x0000000730600000|100%| E|CS|TAMS 0x0000000730500000, 0x0000000730600000| Complete 
| 250|0x0000000730600000, 0x0000000730700000, 0x0000000730700000|100%| E|CS|TAMS 0x0000000730600000, 0x0000000730700000| Complete 
| 251|0x0000000730700000, 0x0000000730800000, 0x0000000730800000|100%| E|CS|TAMS 0x0000000730700000, 0x0000000730800000| Complete 
| 252|0x0000000730800000, 0x0000000730900000, 0x0000000730900000|100%| E|CS|TAMS 0x0000000730800000, 0x0000000730900000| Complete 
| 253|0x0000000730900000, 0x0000000730a00000, 0x0000000730a00000|100%| E|CS|TAMS 0x0000000730900000, 0x0000000730a00000| Complete 
| 254|0x0000000730a00000, 0x0000000730b00000, 0x0000000730b00000|100%| E|CS|TAMS 0x0000000730a00000, 0x0000000730b00000| Complete 
| 255|0x0000000730b00000, 0x0000000730c00000, 0x0000000730c00000|100%| E|CS|TAMS 0x0000000730b00000, 0x0000000730c00000| Complete 
| 256|0x0000000730c00000, 0x0000000730d00000, 0x0000000730d00000|100%| E|CS|TAMS 0x0000000730c00000, 0x0000000730d00000| Complete 
| 257|0x0000000730d00000, 0x0000000730e00000, 0x0000000730e00000|100%| E|CS|TAMS 0x0000000730d00000, 0x0000000730e00000| Complete 
| 258|0x0000000730e00000, 0x0000000730f00000, 0x0000000730f00000|100%| E|CS|TAMS 0x0000000730e00000, 0x0000000730f00000| Complete 
| 259|0x0000000730f00000, 0x0000000731000000, 0x0000000731000000|100%| E|CS|TAMS 0x0000000730f00000, 0x0000000731000000| Complete 
| 260|0x0000000731000000, 0x0000000731100000, 0x0000000731100000|100%| E|CS|TAMS 0x0000000731000000, 0x0000000731100000| Complete 
| 261|0x0000000731100000, 0x0000000731200000, 0x0000000731200000|100%| E|CS|TAMS 0x0000000731100000, 0x0000000731200000| Complete 
| 262|0x0000000731200000, 0x0000000731300000, 0x0000000731300000|100%| E|CS|TAMS 0x0000000731200000, 0x0000000731300000| Complete 
| 263|0x0000000731300000, 0x0000000731400000, 0x0000000731400000|100%| E|CS|TAMS 0x0000000731300000, 0x0000000731400000| Complete 
| 264|0x0000000731400000, 0x0000000731500000, 0x0000000731500000|100%| E|CS|TAMS 0x0000000731400000, 0x0000000731500000| Complete 
| 265|0x0000000731500000, 0x0000000731600000, 0x0000000731600000|100%| E|CS|TAMS 0x0000000731500000, 0x0000000731600000| Complete 
| 266|0x0000000731600000, 0x0000000731700000, 0x0000000731700000|100%| E|CS|TAMS 0x0000000731600000, 0x0000000731700000| Complete 
| 267|0x0000000731700000, 0x0000000731800000, 0x0000000731800000|100%| E|CS|TAMS 0x0000000731700000, 0x0000000731800000| Complete 
| 268|0x0000000731800000, 0x0000000731900000, 0x0000000731900000|100%| E|CS|TAMS 0x0000000731800000, 0x0000000731900000| Complete 

Card table byte_map: [0x000001c472ce0000,0x000001c4733e0000] _byte_map_base: 0x000001c46f3da000

Marking Bits (Prev, Next): (CMBitMap*) 0x000001c45ae59590, (CMBitMap*) 0x000001c45ae59558
 Prev Bits: [0x000001c4772b0000, 0x000001c47aa80000)
 Next Bits: [0x000001c473ae0000, 0x000001c4772b0000)

Polling page: 0x000001c458e00000

Metaspace:

Usage:
  Non-class:     84.85 MB capacity,    82.23 MB ( 97%) used,     2.34 MB (  3%) free+waste,   280.94 KB ( <1%) overhead. 
      Class:     13.66 MB capacity,    12.25 MB ( 90%) used,     1.28 MB (  9%) free+waste,   134.06 KB ( <1%) overhead. 
       Both:     98.51 MB capacity,    94.48 MB ( 96%) used,     3.62 MB (  4%) free+waste,   415.00 KB ( <1%) overhead. 

Virtual space:
  Non-class space:       86.00 MB reserved,      84.90 MB ( 99%) committed 
      Class space:        1.00 GB reserved,      13.75 MB (  1%) committed 
             Both:        1.08 GB reserved,      98.65 MB (  9%) committed 

Chunk freelists:
   Non-Class:  6.63 KB
       Class:  0 bytes
        Both:  6.63 KB

CodeHeap 'non-profiled nmethods': size=120000Kb used=5501Kb max_used=5501Kb free=114498Kb
 bounds [0x000001c46ad80000, 0x000001c46b2e0000, 0x000001c4722b0000]
CodeHeap 'profiled nmethods': size=120000Kb used=19425Kb max_used=19425Kb free=100574Kb
 bounds [0x000001c463850000, 0x000001c464b50000, 0x000001c46ad80000]
CodeHeap 'non-nmethods': size=5760Kb used=1281Kb max_used=1319Kb free=4478Kb
 bounds [0x000001c4632b0000, 0x000001c463520000, 0x000001c463850000]
 total_blobs=8924 nmethods=8251 adapters=584
 compilation: enabled
              stopped_count=0, restarted_count=0
 full_count=0

Compilation events (10 events):
Event: 24.676 Thread 0x000001c47deeb000 nmethod 8268 0x000001c46b2de890 code [0x000001c46b2dea20, 0x000001c46b2dead8]
Event: 24.676 Thread 0x000001c47deeb000 8269       1       jdk.internal.jimage.ImageReader$Node::isDirectory (2 bytes)
Event: 24.676 Thread 0x000001c47deeb000 nmethod 8269 0x000001c46b2deb90 code [0x000001c46b2ded20, 0x000001c46b2dedd8]
Event: 24.676 Thread 0x000001c47deeb000 8270       1       java.nio.file.FileTreeWalker$DirectoryNode::directory (5 bytes)
Event: 24.676 Thread 0x000001c47deeb000 nmethod 8270 0x000001c46b2dee90 code [0x000001c46b2df020, 0x000001c46b2df0d8]
Event: 24.676 Thread 0x000001c47deeb000 8272       1       java.nio.file.FileTreeWalker$DirectoryNode::stream (5 bytes)
Event: 24.676 Thread 0x000001c47deeb000 nmethod 8272 0x000001c46b2df190 code [0x000001c46b2df320, 0x000001c46b2df3d8]
Event: 24.676 Thread 0x000001c47deeb000 8274       3       jdk.internal.jrtfs.JrtPath::getFileSystem (5 bytes)
Event: 24.676 Thread 0x000001c47deeb000 nmethod 8274 0x000001c464b48110 code [0x000001c464b482a0, 0x000001c464b483b8]
Event: 24.676 Thread 0x000001c47deeb000 8275       3       jdk.internal.jrtfs.JrtFileSystemProvider::toJrtPath (27 bytes)

GC Heap History (10 events):
Event: 7.438 GC heap after
{Heap after GC invocations=6 (full 0):
 garbage-first heap   total 229376K, used 20966K [0x0000000720c00000, 0x0000000800000000)
  region size 1024K, 10 young (10240K), 10 survivors (10240K)
 Metaspace       used 35026K, capacity 35674K, committed 35888K, reserved 1081344K
  class space    used 3717K, capacity 3951K, committed 3968K, reserved 1048576K
}
Event: 11.184 GC heap before
{Heap before GC invocations=7 (full 0):
 garbage-first heap   total 229376K, used 174566K [0x0000000720c00000, 0x0000000800000000)
  region size 1024K, 134 young (137216K), 10 survivors (10240K)
 Metaspace       used 48491K, capacity 49798K, committed 49948K, reserved 1093632K
  class space    used 5262K, capacity 5754K, committed 5760K, reserved 1048576K
}
Event: 11.202 GC heap after
{Heap after GC invocations=8 (full 0):
 garbage-first heap   total 229376K, used 48086K [0x0000000720c00000, 0x0000000800000000)
  region size 1024K, 17 young (17408K), 17 survivors (17408K)
 Metaspace       used 48491K, capacity 49798K, committed 49948K, reserved 1093632K
  class space    used 5262K, capacity 5754K, committed 5760K, reserved 1048576K
}
Event: 21.067 GC heap before
{Heap before GC invocations=8 (full 0):
 garbage-first heap   total 229376K, used 138198K [0x0000000720c00000, 0x0000000800000000)
  region size 1024K, 105 young (107520K), 17 survivors (17408K)
 Metaspace       used 57985K, capacity 60238K, committed 60420K, reserved 1103872K
  class space    used 6364K, capacity 7089K, committed 7168K, reserved 1048576K
}
Event: 21.083 GC heap after
{Heap after GC invocations=9 (full 0):
 garbage-first heap   total 275456K, used 54018K [0x0000000720c00000, 0x0000000800000000)
  region size 1024K, 5 young (5120K), 5 survivors (5120K)
 Metaspace       used 57985K, capacity 60238K, committed 60420K, reserved 1103872K
  class space    used 6364K, capacity 7089K, committed 7168K, reserved 1048576K
}
Event: 22.762 GC heap before
{Heap before GC invocations=10 (full 0):
 garbage-first heap   total 275456K, used 178946K [0x0000000720c00000, 0x0000000800000000)
  region size 1024K, 127 young (130048K), 5 survivors (5120K)
 Metaspace       used 75359K, capacity 78114K, committed 78236K, reserved 1118208K
  class space    used 8769K, capacity 9705K, committed 9728K, reserved 1048576K
}
Event: 22.770 GC heap after
{Heap after GC invocations=11 (full 0):
 garbage-first heap   total 275456K, used 60012K [0x0000000720c00000, 0x0000000800000000)
  region size 1024K, 11 young (11264K), 11 survivors (11264K)
 Metaspace       used 75359K, capacity 78114K, committed 78236K, reserved 1118208K
  class space    used 8769K, capacity 9705K, committed 9728K, reserved 1048576K
}
Event: 24.115 GC heap before
{Heap before GC invocations=11 (full 0):
 garbage-first heap   total 275456K, used 188012K [0x0000000720c00000, 0x0000000800000000)
  region size 1024K, 135 young (138240K), 11 survivors (11264K)
 Metaspace       used 90743K, capacity 94709K, committed 94876K, reserved 1130496K
  class space    used 11953K, capacity 13302K, committed 13312K, reserved 1048576K
}
Event: 24.131 GC heap after
{Heap after GC invocations=12 (full 0):
 garbage-first heap   total 275456K, used 70134K [0x0000000720c00000, 0x0000000800000000)
  region size 1024K, 16 young (16384K), 16 survivors (16384K)
 Metaspace       used 90743K, capacity 94709K, committed 94876K, reserved 1130496K
  class space    used 11953K, capacity 13302K, committed 13312K, reserved 1048576K
}
Event: 24.677 GC heap before
{Heap before GC invocations=12 (full 0):
 garbage-first heap   total 275456K, used 122358K [0x0000000720c00000, 0x0000000800000000)
  region size 1024K, 68 young (69632K), 16 survivors (16384K)
 Metaspace       used 96744K, capacity 100871K, committed 101020K, reserved 1136640K
  class space    used 12538K, capacity 13984K, committed 14080K, reserved 1048576K
}

Deoptimization events (10 events):
Event: 24.025 Thread 0x000001c45ae03000 Uncommon trap: reason=speculate_class_check action=maybe_recompile pc=0x000001c46b29d104 method=jdk.internal.reflect.UnsafeQualifiedObjectFieldAccessorImpl.get(Ljava/lang/Object;)Ljava/lang/Object; @ 13 c2
Event: 24.025 Thread 0x000001c45ae03000 Uncommon trap: reason=speculate_class_check action=maybe_recompile pc=0x000001c46b29d104 method=jdk.internal.reflect.UnsafeQualifiedObjectFieldAccessorImpl.get(Ljava/lang/Object;)Ljava/lang/Object; @ 13 c2
Event: 24.185 Thread 0x000001c45ae03000 Uncommon trap: reason=unstable_if action=reinterpret pc=0x000001c46b29a690 method=java.util.regex.Pattern.closure(Ljava/util/regex/Pattern$Node;)Ljava/util/regex/Pattern$Node; @ 276 c2
Event: 24.199 Thread 0x000001c45ae03000 Uncommon trap: reason=unstable_if action=reinterpret pc=0x000001c46b2926dc method=java.util.regex.Pattern.range(Ljava/util/regex/Pattern$BitClass;)Ljava/util/regex/Pattern$CharPredicate; @ 183 c2
Event: 24.199 Thread 0x000001c45ae03000 Uncommon trap: reason=unstable_if action=reinterpret pc=0x000001c46b266060 method=java.util.regex.Pattern.compile()V @ 404 c2
Event: 24.524 Thread 0x000001c45ae03000 Uncommon trap: reason=intrinsic_or_type_checked_inlining action=make_not_entrant pc=0x000001c46b2c9018 method=java.util.ArrayList.toArray([Ljava/lang/Object;)[Ljava/lang/Object; @ 36 c2
Event: 24.525 Thread 0x000001c45ae03000 Uncommon trap: reason=unstable_if action=reinterpret pc=0x000001c46af4dad0 method=java.util.Properties.loadConvert([CIILjava/lang/StringBuilder;)Ljava/lang/String; @ 26 c2
Event: 24.581 Thread 0x000001c45ae03000 Uncommon trap: reason=unstable_if action=reinterpret pc=0x000001c46afbf9d8 method=java.lang.reflect.Field.get(Ljava/lang/Object;)Ljava/lang/Object; @ 4 c2
Event: 24.622 Thread 0x000001c45ae03000 Uncommon trap: reason=unstable_if action=reinterpret pc=0x000001c46b011cf0 method=jdk.internal.module.SystemModuleFinders$SystemModuleReader.find(Ljava/lang/String;)Ljava/util/Optional; @ 7 c2
Event: 24.645 Thread 0x000001c45ae03000 Uncommon trap: reason=unstable_if action=reinterpret pc=0x000001c46adf88d8 method=java.nio.Buffer.limit(I)Ljava/nio/Buffer; @ 42 c2

Classes redefined (0 events):
No events

Internal exceptions (10 events):
Event: 22.965 Thread 0x000001c45ae03000 Exception <a 'java/lang/NoSuchMethodError'{0x00000007303699e0}: java.lang.invoke.DelegatingMethodHandle$Holder.reinvoke_L(Ljava/lang/Object;Ljava/lang/Object;Ljava/lang/Object;J)Ljava/lang/Object;> (0x00000007303699e0) thrown at [./open/src/hotspot/share/
Event: 22.967 Thread 0x000001c45ae03000 Exception <a 'java/lang/NoSuchMethodError'{0x0000000730398058}: java.lang.invoke.Invokers$Holder.invoke_MT(Ljava/lang/Object;Ljava/lang/Object;Ljava/lang/Object;Ljava/lang/Object;)J> (0x0000000730398058) thrown at [./open/src/hotspot/share/interpreter/lin
Event: 22.967 Thread 0x000001c45ae03000 Exception <a 'java/lang/NoSuchMethodError'{0x000000073039bac8}: java.lang.invoke.DelegatingMethodHandle$Holder.reinvoke_L(Ljava/lang/Object;Ljava/lang/Object;Ljava/lang/Object;)J> (0x000000073039bac8) thrown at [./open/src/hotspot/share/interpreter/linkRe
Event: 22.969 Thread 0x000001c45ae03000 Exception <a 'java/lang/NoSuchMethodError'{0x00000007303a5460}: java.lang.invoke.DirectMethodHandle$Holder.invokeSpecial(Ljava/lang/Object;Ljava/lang/Object;Ljava/lang/Object;Ljava/lang/Object;)I> (0x00000007303a5460) thrown at [./open/src/hotspot/share/i
Event: 22.971 Thread 0x000001c45ae03000 Exception <a 'java/lang/NoSuchMethodError'{0x00000007303b40c0}: java.lang.invoke.DelegatingMethodHandle$Holder.reinvoke_L(Ljava/lang/Object;Ljava/lang/Object;Ljava/lang/Object;JI)I> (0x00000007303b40c0) thrown at [./open/src/hotspot/share/interpreter/link
Event: 22.972 Thread 0x000001c45ae03000 Exception <a 'java/lang/NoSuchMethodError'{0x00000007303c81e8}: java.lang.invoke.Invokers$Holder.invokeExact_MT(Ljava/lang/Object;Ljava/lang/Object;JLjava/lang/Object;)Ljava/lang/Object;> (0x00000007303c81e8) thrown at [./open/src/hotspot/share/interprete
Event: 24.157 Thread 0x000001c45ae03000 Exception <a 'java/lang/NoSuchMethodError'{0x0000000731521470}: java.lang.invoke.DirectMethodHandle$Holder.invokeStaticInit(Ljava/lang/Object;Ljava/lang/Object;Ljava/lang/Object;)V> (0x0000000731521470) thrown at [./open/src/hotspot/share/interpreter/link
Event: 24.346 Thread 0x000001c45ae03000 Exception <a 'java/lang/NoSuchMethodError'{0x000000073027edf8}: java.lang.invoke.DirectMethodHandle$Holder.invokeVirtual(Ljava/lang/Object;Ljava/lang/Object;Ljava/lang/Object;)I> (0x000000073027edf8) thrown at [./open/src/hotspot/share/interpreter/linkRes
Event: 24.416 Thread 0x000001c45ae03000 Exception <a 'java/lang/NoSuchMethodError'{0x000000072f9c4f58}: java.lang.invoke.DelegatingMethodHandle$Holder.reinvoke_L(Ljava/lang/Object;Ljava/lang/Object;J)Ljava/lang/Object;> (0x000000072f9c4f58) thrown at [./open/src/hotspot/share/interpreter/linkRe
Event: 24.423 Thread 0x000001c45ae03000 Exception <a 'java/lang/NoSuchMethodError'{0x000000072f812208}: java.lang.invoke.DirectMethodHandle$Holder.newInvokeSpecial(Ljava/lang/Object;Ljava/lang/Object;Ljava/lang/Object;)Ljava/lang/Object;> (0x000000072f812208) thrown at [./open/src/hotspot/share

Events (10 events):
Event: 24.643 loading class java/nio/ByteBufferAsIntBufferL done
Event: 24.643 Executing VM operation: Deoptimize
Event: 24.645 Executing VM operation: Deoptimize done
Event: 24.645 Thread 0x000001c45ae03000 Uncommon trap: trap_request=0xffffff4d fr.pc=0x000001c46adf88d8 relative=0x00000000000000b8
Event: 24.645 Thread 0x000001c45ae03000 DEOPT PACKING pc=0x000001c46adf88d8 sp=0x0000007b037fac50
Event: 24.645 Thread 0x000001c45ae03000 DEOPT UNPACKING pc=0x000001c4632d68af sp=0x0000007b037faac0 mode 2
Event: 24.645 loading class jdk/internal/jimage/ImageReader$Directory
Event: 24.645 loading class jdk/internal/jimage/ImageReader$Directory done
Event: 24.659 Thread 0x000001c47f983000 Thread added: 0x000001c47f983000
Event: 24.676 Executing VM operation: CollectForMetadataAllocation


Dynamic libraries:
0x00007ff7c59d0000 - 0x00007ff7c59df000 	C:\Program Files\Java\jdk-11.0.12\bin\java.exe
0x00007ffa1d560000 - 0x00007ffa1d750000 	C:\Windows\SYSTEM32\ntdll.dll
0x00007ff9f1c30000 - 0x00007ff9f1c46000 	C:\Program Files\Avast Software\Avast\aswhook.dll
0x00007ffa1ce70000 - 0x00007ffa1cf22000 	C:\Windows\System32\KERNEL32.DLL
0x00007ffa1b220000 - 0x00007ffa1b4c3000 	C:\Windows\System32\KERNELBASE.dll
0x00007ffa1ace0000 - 0x00007ffa1adda000 	C:\Windows\System32\ucrtbase.dll
0x00007ff9fe790000 - 0x00007ff9fe7a5000 	C:\Program Files\Java\jdk-11.0.12\bin\VCRUNTIME140.dll
0x00007ff9fb0e0000 - 0x00007ff9fb0f8000 	C:\Program Files\Java\jdk-11.0.12\bin\jli.dll
0x00007ffa1cc10000 - 0x00007ffa1ccb3000 	C:\Windows\System32\ADVAPI32.dll
0x00007ffa1c3d0000 - 0x00007ffa1c46e000 	C:\Windows\System32\msvcrt.dll
0x00007ffa1c710000 - 0x00007ffa1c7a7000 	C:\Windows\System32\sechost.dll
0x00007ffa1bd00000 - 0x00007ffa1be20000 	C:\Windows\System32\RPCRT4.dll
0x00007ffa1bf70000 - 0x00007ffa1c103000 	C:\Windows\System32\USER32.dll
0x00007ffa1a500000 - 0x00007ffa1a521000 	C:\Windows\System32\win32u.dll
0x00007ffa198f0000 - 0x00007ffa19b75000 	C:\Windows\WinSxS\amd64_microsoft.windows.common-controls_6595b64144ccf1df_6.0.18362.239_none_e6c7aebd130c7608\COMCTL32.dll
0x00007ffa1c220000 - 0x00007ffa1c246000 	C:\Windows\System32\GDI32.dll
0x00007ffa1c8d0000 - 0x00007ffa1cc06000 	C:\Windows\System32\combase.dll
0x00007ffa1afd0000 - 0x00007ffa1b164000 	C:\Windows\System32\gdi32full.dll
0x00007ffa1aeb0000 - 0x00007ffa1af4e000 	C:\Windows\System32\msvcp_win.dll
0x00007ffa1af50000 - 0x00007ffa1afd0000 	C:\Windows\System32\bcryptPrimitives.dll
0x00007ffa12ac0000 - 0x00007ffa12aca000 	C:\Windows\SYSTEM32\VERSION.dll
0x00007ffa1c1e0000 - 0x00007ffa1c20e000 	C:\Windows\System32\IMM32.DLL
0x00007ff9e2cb0000 - 0x00007ff9e2d4b000 	C:\Program Files\Java\jdk-11.0.12\bin\msvcp140.dll
0x00007ff9af730000 - 0x00007ff9b022f000 	C:\Program Files\Java\jdk-11.0.12\bin\server\jvm.dll
0x00007ffa1c5a0000 - 0x00007ffa1c5a8000 	C:\Windows\System32\PSAPI.DLL
0x00007ffa180b0000 - 0x00007ffa180d4000 	C:\Windows\SYSTEM32\WINMM.dll
0x00007ffa09cc0000 - 0x00007ffa09cc9000 	C:\Windows\SYSTEM32\WSOCK32.dll
0x00007ffa1d400000 - 0x00007ffa1d46f000 	C:\Windows\System32\WS2_32.dll
0x00007ffa18050000 - 0x00007ffa1807d000 	C:\Windows\SYSTEM32\WINMMBASE.dll
0x00007ffa1ade0000 - 0x00007ffa1ae2a000 	C:\Windows\System32\cfgmgr32.dll
0x00007ffa1a4a0000 - 0x00007ffa1a4b1000 	C:\Windows\System32\kernel.appcore.dll
0x00007ffa00470000 - 0x00007ffa00480000 	C:\Program Files\Java\jdk-11.0.12\bin\verify.dll
0x00007ffa19f00000 - 0x00007ffa1a0f4000 	C:\Windows\SYSTEM32\DBGHELP.DLL
0x00007ffa19c70000 - 0x00007ffa19c9a000 	C:\Windows\SYSTEM32\dbgcore.DLL
0x00007ff9f1950000 - 0x00007ff9f1978000 	C:\Program Files\Java\jdk-11.0.12\bin\java.dll
0x00007ffa00440000 - 0x00007ffa0044a000 	C:\Program Files\Java\jdk-11.0.12\bin\jimage.dll
0x00007ff9fb040000 - 0x00007ff9fb056000 	C:\Program Files\Java\jdk-11.0.12\bin\zip.dll
0x00007ffa1b620000 - 0x00007ffa1bd00000 	C:\Windows\System32\SHELL32.dll
0x00007ffa1c2b0000 - 0x00007ffa1c359000 	C:\Windows\System32\shcore.dll
0x00007ffa1a530000 - 0x00007ffa1acab000 	C:\Windows\System32\windows.storage.dll
0x00007ffa1a4c0000 - 0x00007ffa1a4df000 	C:\Windows\System32\profapi.dll
0x00007ffa1a450000 - 0x00007ffa1a49a000 	C:\Windows\System32\powrprof.dll
0x00007ffa1a440000 - 0x00007ffa1a450000 	C:\Windows\System32\UMPDC.dll
0x00007ffa1c540000 - 0x00007ffa1c592000 	C:\Windows\System32\shlwapi.dll
0x00007ffa1ae30000 - 0x00007ffa1ae47000 	C:\Windows\System32\cryptsp.dll
0x00007ff9fae40000 - 0x00007ff9fae59000 	C:\Program Files\Java\jdk-11.0.12\bin\net.dll
0x00007ffa11350000 - 0x00007ffa11440000 	C:\Windows\SYSTEM32\WINHTTP.dll
0x00007ffa195d0000 - 0x00007ffa19637000 	C:\Windows\system32\mswsock.dll
0x00007ff9f52d0000 - 0x00007ff9f52e2000 	C:\Program Files\Java\jdk-11.0.12\bin\nio.dll
0x0000000069ac0000 - 0x0000000069ae4000 	D:\apache-maven-3.8.5\lib\jansi-native\Windows\x86_64\jansi.dll
0x00007ffa19190000 - 0x00007ffa191c3000 	C:\Windows\system32\rsaenh.dll
0x00007ffa1acb0000 - 0x00007ffa1acd6000 	C:\Windows\System32\bcrypt.dll
0x00007ffa1a360000 - 0x00007ffa1a385000 	C:\Windows\SYSTEM32\USERENV.dll
0x00007ffa197a0000 - 0x00007ffa197ac000 	C:\Windows\SYSTEM32\CRYPTBASE.dll
0x00007ffa19330000 - 0x00007ffa1936a000 	C:\Windows\SYSTEM32\IPHLPAPI.DLL
0x00007ffa1be20000 - 0x00007ffa1be28000 	C:\Windows\System32\NSI.dll
0x00007ffa12e00000 - 0x00007ffa12e16000 	C:\Windows\SYSTEM32\dhcpcsvc6.DLL
0x00007ffa12de0000 - 0x00007ffa12dfc000 	C:\Windows\SYSTEM32\dhcpcsvc.DLL
0x00007ffa19370000 - 0x00007ffa1943a000 	C:\Windows\SYSTEM32\DNSAPI.dll
0x00007ffa133a0000 - 0x00007ffa133ad000 	C:\Program Files\Java\jdk-11.0.12\bin\sunmscapi.dll
0x00007ffa1b4d0000 - 0x00007ffa1b619000 	C:\Windows\System32\CRYPT32.dll
0x00007ffa1a4e0000 - 0x00007ffa1a4f2000 	C:\Windows\System32\MSASN1.dll
0x00007ffa198c0000 - 0x00007ffa198e6000 	C:\Windows\SYSTEM32\ncrypt.dll
0x00007ffa19880000 - 0x00007ffa198bb000 	C:\Windows\SYSTEM32\NTASN1.dll
0x00007ffa13370000 - 0x00007ffa13395000 	C:\Program Files\Java\jdk-11.0.12\bin\sunec.dll
0x00007ffa0c3a0000 - 0x00007ffa0c3aa000 	C:\Windows\System32\rasadhlp.dll
0x00007ffa12900000 - 0x00007ffa12977000 	C:\Windows\System32\fwpuclnt.dll
0x00007ffa13350000 - 0x00007ffa1336c000 	C:\Users\User\AppData\Local\Temp\sonarsource-cfamily-jni17582472363025673773.dll

dbghelp: loaded successfully - version: 4.0.5 - missing functions: none
symbol engine: initialized successfully - sym options: 0x614 - pdb path: .;C:\Program Files\Java\jdk-11.0.12\bin;C:\Windows\SYSTEM32;C:\Program Files\Avast Software\Avast;C:\Windows\WinSxS\amd64_microsoft.windows.common-controls_6595b64144ccf1df_6.0.18362.239_none_e6c7aebd130c7608;C:\Program Files\Java\jdk-11.0.12\bin\server;D:\apache-maven-3.8.5\lib\jansi-native\Windows\x86_64;C:\Users\User\AppData\Local\Temp

VM Arguments:
jvm_args: -Dclassworlds.conf=D:\apache-maven-3.8.5\bin\m2.conf -Dmaven.home=D:\apache-maven-3.8.5 -Dlibrary.jansi.path=D:\apache-maven-3.8.5\lib\jansi-native -Dmaven.multiModuleProjectDirectory=E:\Eduardo\UTEC\2022-1\Software\lab-03-a-edu-arr99 
java_command: org.codehaus.plexus.classworlds.launcher.Launcher verify org.sonarsource.scanner.maven:sonar-maven-plugin:sonar -Dsonar .projectKey=cs2901-2022-1-Ingenieria-de-Software_lab-03-a-edu-arr99 -e
java_class_path (initial): D:\apache-maven-3.8.5\boot\plexus-classworlds-2.6.0.jar
Launcher Type: SUN_STANDARD

[Global flags]
     intx CICompilerCount                          = 4                                         {product} {ergonomic}
     uint ConcGCThreads                            = 2                                         {product} {ergonomic}
     uint G1ConcRefinementThreads                  = 8                                         {product} {ergonomic}
   size_t G1HeapRegionSize                         = 1048576                                   {product} {ergonomic}
    uintx GCDrainStackTargetSize                   = 64                                        {product} {ergonomic}
   size_t InitialHeapSize                          = 234881024                                 {product} {ergonomic}
   size_t MarkStackSize                            = 4194304                                   {product} {ergonomic}
   size_t MaxHeapSize                              = 3745513472                                {product} {ergonomic}
   size_t MaxNewSize                               = 2247098368                                {product} {ergonomic}
   size_t MinHeapDeltaBytes                        = 1048576                                   {product} {ergonomic}
    uintx NonNMethodCodeHeapSize                   = 5836300                                {pd product} {ergonomic}
    uintx NonProfiledCodeHeapSize                  = 122910970                              {pd product} {ergonomic}
    uintx ProfiledCodeHeapSize                     = 122910970                              {pd product} {ergonomic}
    uintx ReservedCodeCacheSize                    = 251658240                              {pd product} {ergonomic}
     bool SegmentedCodeCache                       = true                                      {product} {ergonomic}
     bool UseCompressedClassPointers               = true                                 {lp64_product} {ergonomic}
     bool UseCompressedOops                        = true                                 {lp64_product} {ergonomic}
     bool UseG1GC                                  = true                                      {product} {ergonomic}
     bool UseLargePagesIndividualAllocation        = false                                  {pd product} {ergonomic}

Logging:
Log output configuration:
 #0: stdout all=warning uptime,level,tags
 #1: stderr all=off uptime,level,tags

Environment Variables:
PATH=C:\Program Files (x86)\VMware\VMware Player\bin\;C:\Program Files\Common Files\Oracle\Java\javapath;C:\Windows\system32;C:\Windows;C:\Windows\System32\Wbem;C:\Windows\System32\WindowsPowerShell\v1.0\;C:\Windows\System32\OpenSSH\;C:\TDM-GCC-64\bin;C:\Program Files\CMake\bin;C:\Program Files\Git\cmd;C:\Program Files\MATLAB\R2021a\bin;C:\Program Files\Docker\Docker\resources\bin;C:\ProgramData\DockerDesktop\version-bin;C:\Program Files\MySQL\MySQL Shell 8.0\bin\;C:\Users\User\AppData\Local\Programs\Python\Python38\Scripts\;C:\Users\User\AppData\Local\Programs\Python\Python38\;C:\Users\User\AppData\Local\Microsoft\WindowsApps;C:\Users\User\AppData\Local\atom\bin;C:\texlive\2020\bin\win32;C:\Users\User\AppData\Local\Programs\Microsoft VS Code\bin;C:\mingw64;C:\mingw64\bin;C:\Users\User\DevLibraries\SFML\32bit\SFML-2.5.1\bin;C:\SFML\bin;C:\Program Files\JetBrains\CLion 2020.3.3\bin;;C:\Users\User\AppData\Local\GitHubDesktop\bin;C:\iverilog\bin;C:\iverilog\gtkwave\bin;C:\Program Files\PostgreSQL\13\bin;C:\Program Files\MySQL\MySQL Server 8.0\bin;C:\Program Files\Java\jdk-11.0.12\bin;D:\Android Studio\bin;C:\Program Files\Git\bin;C:\SFML\include;C:\Program Files\JetBrains\IntelliJ IDEA Community Edition 2021.3.3\bin;;D:\apache-maven-3.8.5\bin;
USERNAME=User
OS=Windows_NT
PROCESSOR_IDENTIFIER=AMD64 Family 23 Model 24 Stepping 1, AuthenticAMD



---------------  S Y S T E M  ---------------

OS: Windows 10 , 64 bit Build 18362 (10.0.18362.86)

CPU:total 8 (initial active 8) (8 cores per cpu, 2 threads per core) family 23 model 24 stepping 1 microcode 0x0, cmov, cx8, fxsr, mmx, sse, sse2, sse3, ssse3, sse4.1, sse4.2, popcnt, avx, avx2, aes, clmul, mmxext, 3dnowpref, lzcnt, sse4a, ht, tsc, tscinvbit, tscinv, bmi1, bmi2, adx, s

Memory: 4k page, system-wide physical 14284M (6576M free)
TotalPageFile size 24012M (AvailPageFile size 12937M)
current process WorkingSet (physical memory assigned to process): 483M, peak: 483M
current process commit charge ("private bytes"): 531M, peak: 532M

vm_info: Java HotSpot(TM) 64-Bit Server VM (11.0.12+8-LTS-237) for windows-amd64 JRE (11.0.12+8-LTS-237), built on Jun  8 2021 11:25:59 by "mach5one" with MS VC++ 15.9 (VS2017)

END.
